<?xml version="1.0" encoding="UTF-8"?>
<testsuite name="tests.SimpleUITest" tests="2" skipped="0" failures="0" errors="0" timestamp="2025-12-14T11:48:23" hostname="MacBook-Air-de-Javier.local" time="4.389">
  <properties/>
  <testcase name="testHomePageNavigation" classname="tests.SimpleUITest" time="3.147"/>
  <testcase name="testRoomDisplay" classname="tests.SimpleUITest" time="0.999"/>
  <system-out><![CDATA[]]></system-out>
  <system-err><![CDATA[dic. 14, 2025 12:48:25 P. M. org.openqa.selenium.devtools.CdpVersionFinder findNearestMatch
ADVERTENCIA: Unable to find CDP implementation matching 143
dic. 14, 2025 12:48:25 P. M. org.openqa.selenium.chromium.ChromiumDriver lambda$new$5
ADVERTENCIA: Unable to find version of CDP to use for 143.0.7499.42. You may need to include a dependency on a specific version of the CDP using something similar to `org.seleniumhq.selenium:selenium-devtools-v86:4.13.0` where the version ("v86") matches the version of the chromium-based browser you're using and the version number of the artifact is the same as Selenium's.
dic. 14, 2025 12:48:27 P. M. org.openqa.selenium.devtools.CdpVersionFinder findNearestMatch
ADVERTENCIA: Unable to find CDP implementation matching 143
dic. 14, 2025 12:48:27 P. M. org.openqa.selenium.chromium.ChromiumDriver lambda$new$5
ADVERTENCIA: Unable to find version of CDP to use for 143.0.7499.42. You may need to include a dependency on a specific version of the CDP using something similar to `org.seleniumhq.selenium:selenium-devtools-v86:4.13.0` where the version ("v86") matches the version of the chromium-based browser you're using and the version number of the artifact is the same as Selenium's.
]]></system-err>
</testsuite>
