{"uid":"2941b2f835c95016","name":"testDirectBookingInteraction","fullName":"tests.DirectUITest.testDirectBookingInteraction","historyId":"cf092fab7bf9ad6ae27a961b13efb9a8","time":{"start":1765307356050,"stop":1765307360670,"duration":4620},"description":"Verify user can click book room button using direct GenericSteps","descriptionHtml":"<p>Verify user can click book room button using direct GenericSteps</p>\n","status":"failed","statusMessage":"Element not found {by text: Check Availability}\nExpected: clickable: interactable and enabled\nScreenshot: file:/Users/javiervt/Desktop/JavaSelenide/build/reports/tests/1765307360430.0.png\nPage source: file:/Users/javiervt/Desktop/JavaSelenide/build/reports/tests/1765307360430.0.html\nTimeout: 1 s.\nCaused by: NoSuchElementException: no such element: Unable to locate element: {\"method\":\"xpath\",\"selector\":\".//*/text()[normalize-space(translate(string(.), '","statusTrace":"Element not found {by text: Check Availability}\nExpected: clickable: interactable and enabled\nScreenshot: file:/Users/javiervt/Desktop/JavaSelenide/build/reports/tests/1765307360430.0.png\nPage source: file:/Users/javiervt/Desktop/JavaSelenide/build/reports/tests/1765307360430.0.html\nTimeout: 1 s.\nCaused by: NoSuchElementException: no such element: Unable to locate element: {\"method\":\"xpath\",\"selector\":\".//*/text()[normalize-space(translate(string(.), '\n\tat com.codeborne.selenide.impl.WebElementSource.createElementNotFoundError(WebElementSource.java:91)\n\tat com.codeborne.selenide.impl.ElementFinder.createElementNotFoundError(ElementFinder.java:142)\n\tat com.codeborne.selenide.impl.WebElementSource.handleError(WebElementSource.java:143)\n\tat com.codeborne.selenide.impl.WebElementSource.checkConditionAndReturnElement(WebElementSource.java:127)\n\tat com.codeborne.selenide.impl.WebElementSource.findAndAssertElementIsClickable(WebElementSource.java:173)\n\tat com.codeborne.selenide.commands.Click.findElement(Click.java:46)\n\tat com.codeborne.selenide.commands.Click.execute(Click.java:28)\n\tat com.codeborne.selenide.commands.Click.execute(Click.java:21)\n\tat com.codeborne.selenide.commands.Commands.execute(Commands.java:165)\n\tat com.codeborne.selenide.impl.SelenideElementProxy.dispatchAndRetry(SelenideElementProxy.java:132)\n\tat com.codeborne.selenide.impl.SelenideElementProxy.invoke(SelenideElementProxy.java:84)\n\tat jdk.proxy2/jdk.proxy2.$Proxy27.click(Unknown Source)\n\tat tests.DirectUITest.testDirectBookingInteraction(DirectUITest.java:66)\n\tat java.base/jdk.internal.reflect.DirectMethodHandleAccessor.invoke(DirectMethodHandleAccessor.java:104)\n\tat java.base/java.lang.reflect.Method.invoke(Method.java:565)\n\tat org.testng.internal.invokers.MethodInvocationHelper.invokeMethod(MethodInvocationHelper.java:139)\n\tat org.testng.internal.invokers.TestInvoker.invokeMethod(TestInvoker.java:664)\n\tat org.testng.internal.invokers.TestInvoker.invokeTestMethod(TestInvoker.java:227)\n\tat org.testng.internal.invokers.MethodRunner.runInSequence(MethodRunner.java:50)\n\tat org.testng.internal.invokers.TestInvoker$MethodInvocationAgent.invoke(TestInvoker.java:957)\n\tat org.testng.internal.invokers.TestInvoker.invokeTestMethods(TestInvoker.java:200)\n\tat org.testng.internal.invokers.TestMethodWorker.invokeTestMethods(TestMethodWorker.java:148)\n\tat org.testng.internal.invokers.TestMethodWorker.run(TestMethodWorker.java:128)\n\tat java.base/java.util.ArrayList.forEach(ArrayList.java:1604)\n\tat org.testng.TestRunner.privateRun(TestRunner.java:848)\n\tat org.testng.TestRunner.run(TestRunner.java:621)\n\tat org.testng.SuiteRunner.runTest(SuiteRunner.java:443)\n\tat org.testng.SuiteRunner.runSequentially(SuiteRunner.java:437)\n\tat org.testng.SuiteRunner.privateRun(SuiteRunner.java:397)\n\tat org.testng.SuiteRunner.run(SuiteRunner.java:336)\n\tat org.testng.SuiteRunnerWorker.runSuite(SuiteRunnerWorker.java:52)\n\tat org.testng.SuiteRunnerWorker.run(SuiteRunnerWorker.java:95)\n\tat org.testng.TestNG.runSuitesSequentially(TestNG.java:1280)\n\tat org.testng.TestNG.runSuitesLocally(TestNG.java:1200)\n\tat org.testng.TestNG.runSuites(TestNG.java:1114)\n\tat org.testng.TestNG.run(TestNG.java:1082)\n\tat org.gradle.api.internal.tasks.testing.testng.TestNGTestClassProcessor.runTests(TestNGTestClassProcessor.java:148)\n\tat org.gradle.api.internal.tasks.testing.testng.TestNGTestClassProcessor.stop(TestNGTestClassProcessor.java:95)\n\tat org.gradle.api.internal.tasks.testing.SuiteTestClassProcessor.stop(SuiteTestClassProcessor.java:62)\n\tat java.base/jdk.internal.reflect.DirectMethodHandleAccessor.invoke(DirectMethodHandleAccessor.java:104)\n\tat java.base/java.lang.reflect.Method.invoke(Method.java:565)\n\tat org.gradle.internal.dispatch.ReflectionDispatch.dispatch(ReflectionDispatch.java:36)\n\tat org.gradle.internal.dispatch.ReflectionDispatch.dispatch(ReflectionDispatch.java:24)\n\tat org.gradle.internal.dispatch.ContextClassLoaderDispatch.dispatch(ContextClassLoaderDispatch.java:33)\n\tat org.gradle.internal.dispatch.ProxyDispatchAdapter$DispatchingInvocationHandler.invoke(ProxyDispatchAdapter.java:94)\n\tat jdk.proxy1/jdk.proxy1.$Proxy2.stop(Unknown Source)\n\tat org.gradle.api.internal.tasks.testing.worker.TestWorker$3.run(TestWorker.java:193)\n\tat org.gradle.api.internal.tasks.testing.worker.TestWorker.executeAndMaintainThreadName(TestWorker.java:129)\n\tat org.gradle.api.internal.tasks.testing.worker.TestWorker.execute(TestWorker.java:100)\n\tat org.gradle.api.internal.tasks.testing.worker.TestWorker.execute(TestWorker.java:60)\n\tat org.gradle.process.internal.worker.child.ActionExecutionWorker.execute(ActionExecutionWorker.java:56)\n\tat org.gradle.process.internal.worker.child.SystemApplicationClassLoaderWorker.call(SystemApplicationClassLoaderWorker.java:113)\n\tat org.gradle.process.internal.worker.child.SystemApplicationClassLoaderWorker.call(SystemApplicationClassLoaderWorker.java:65)\n\tat worker.org.gradle.process.internal.worker.GradleWorkerMain.run(GradleWorkerMain.java:69)\n\tat worker.org.gradle.process.internal.worker.GradleWorkerMain.main(GradleWorkerMain.java:74)\nCaused by: org.openqa.selenium.NoSuchElementException: no such element: Unable to locate element: {\"method\":\"xpath\",\"selector\":\".//*/text()[normalize-space(translate(string(.), '\t\n\r ', '    ')) = \"Check Availability\"]/parent::*\"}\n  (Session info: chrome=143.0.7499.40)\nFor documentation on this error, please visit: https://www.selenium.dev/documentation/webdriver/troubleshooting/errors#no-such-element-exception\nBuild info: version: '4.13.0', revision: 'ba948ece5b*'\nSystem info: os.name: 'Mac OS X', os.arch: 'aarch64', os.version: '15.5', java.version: '25.0.1'\nDriver info: org.openqa.selenium.chrome.ChromeDriver\nCommand: [26d2f29a84942a41ed9f843d0eee6e05, findElement {using=xpath, value=.//*/text()[normalize-space(translate(string(.), '\t\n\r ', '    ')) = \"Check Availability\"]/parent::*}]\nCapabilities {acceptInsecureCerts: true, browserName: chrome, browserVersion: 143.0.7499.40, chrome: {chromedriverVersion: 143.0.7499.40 (c23ff452476d..., userDataDir: /var/folders/yb/h_3q5tj1425...}, fedcm:accounts: true, goog:chromeOptions: {debuggerAddress: localhost:60596}, goog:processID: 89330, networkConnectionEnabled: false, pageLoadStrategy: normal, platformName: mac, proxy: Proxy(), se:cdp: ws://localhost:60596/devtoo..., se:cdpVersion: 143.0.7499.40, setWindowRect: true, strictFileInteractability: false, timeouts: {implicit: 0, pageLoad: 300000, script: 30000}, unhandledPromptBehavior: accept, webauthn:extension:credBlob: true, webauthn:extension:largeBlob: true, webauthn:extension:minPinLength: true, webauthn:extension:prf: true, webauthn:virtualAuthenticators: true}\nSession ID: 26d2f29a84942a41ed9f843d0eee6e05\n\tat java.base/jdk.internal.reflect.DirectConstructorHandleAccessor.newInstance(DirectConstructorHandleAccessor.java:62)\n\tat java.base/java.lang.reflect.Constructor.newInstanceWithCaller(Constructor.java:499)\n\tat java.base/java.lang.reflect.Constructor.newInstance(Constructor.java:483)\n\tat org.openqa.selenium.remote.codec.w3c.W3CHttpResponseCodec.createException(W3CHttpResponseCodec.java:200)\n\tat org.openqa.selenium.remote.codec.w3c.W3CHttpResponseCodec.decode(W3CHttpResponseCodec.java:133)\n\tat org.openqa.selenium.remote.codec.w3c.W3CHttpResponseCodec.decode(W3CHttpResponseCodec.java:52)\n\tat org.openqa.selenium.remote.HttpCommandExecutor.execute(HttpCommandExecutor.java:191)\n\tat org.openqa.selenium.remote.service.DriverCommandExecutor.invokeExecute(DriverCommandExecutor.java:196)\n\tat org.openqa.selenium.remote.service.DriverCommandExecutor.execute(DriverCommandExecutor.java:171)\n\tat org.openqa.selenium.remote.RemoteWebDriver.execute(RemoteWebDriver.java:602)\n\tat org.openqa.selenium.remote.ElementLocation$ElementFinder$2.findElement(ElementLocation.java:165)\n\tat org.openqa.selenium.remote.ElementLocation.findElement(ElementLocation.java:66)\n\tat org.openqa.selenium.remote.RemoteWebDriver.findElement(RemoteWebDriver.java:359)\n\tat org.openqa.selenium.remote.RemoteWebDriver.findElement(RemoteWebDriver.java:353)\n\tat com.codeborne.selenide.impl.WebElementSelector.findElement(WebElementSelector.java:70)\n\tat com.codeborne.selenide.impl.WebElementSelector.findElement(WebElementSelector.java:44)\n\tat com.codeborne.selenide.impl.WebElementSelector.findElement(WebElementSelector.java:33)\n\tat com.codeborne.selenide.impl.ElementFinder.getWebElement(ElementFinder.java:122)\n\tat com.codeborne.selenide.impl.WebElementSource.checkConditionAndReturnElement(WebElementSource.java:116)\n\t... 51 more\n","flaky":false,"newFailed":false,"newBroken":false,"newPassed":false,"retriesCount":9,"retriesStatusChange":false,"beforeStages":[{"name":"setupSuite","time":{"start":1765307355786,"stop":1765307355789,"duration":3},"description":"","status":"passed","steps":[],"attachments":[],"parameters":[],"stepsCount":0,"attachmentsCount":0,"shouldDisplayMessage":false,"hasContent":false},{"name":"setupApiSuite","time":{"start":1765307355789,"stop":1765307355975,"duration":186},"description":"","status":"passed","steps":[],"attachments":[],"parameters":[],"stepsCount":0,"attachmentsCount":0,"shouldDisplayMessage":false,"hasContent":false},{"name":"setUp","time":{"start":1765307355985,"stop":1765307356010,"duration":25},"description":"","status":"passed","steps":[{"name":"Setting up test environment","time":{"start":1765307355990,"stop":1765307356010,"duration":20},"status":"passed","steps":[],"attachments":[],"parameters":[],"stepsCount":0,"attachmentsCount":0,"shouldDisplayMessage":false,"hasContent":false}],"attachments":[],"parameters":[],"stepsCount":1,"attachmentsCount":0,"shouldDisplayMessage":false,"hasContent":true}],"afterStages":[{"name":"tearDown","time":{"start":1765307360676,"stop":1765307360789,"duration":113},"description":"","status":"passed","steps":[{"name":"Cleaning up test environment","time":{"start":1765307360676,"stop":1765307360789,"duration":113},"status":"passed","steps":[],"attachments":[],"parameters":[],"stepsCount":0,"attachmentsCount":0,"shouldDisplayMessage":false,"hasContent":false}],"attachments":[],"parameters":[],"stepsCount":1,"attachmentsCount":0,"shouldDisplayMessage":false,"hasContent":true}],"labels":[{"name":"package","value":"tests.DirectUITest"},{"name":"testClass","value":"tests.DirectUITest"},{"name":"testMethod","value":"testDirectBookingInteraction"},{"name":"parentSuite","value":"AutomationTestSuite"},{"name":"suite","value":"UITests"},{"name":"subSuite","value":"tests.DirectUITest"},{"name":"host","value":"MacBook-Pro-de-Javier.local"},{"name":"thread","value":"89273@MacBook-Pro-de-Javier.local.Test worker(3)"},{"name":"framework","value":"testng"},{"name":"language","value":"java"},{"name":"story","value":"User can interact with booking button using direct steps"},{"name":"feature","value":"Direct Home Page Navigation - Native Selenide"},{"name":"epic","value":"UI Testing"},{"name":"severity","value":"normal"},{"name":"resultFormat","value":"allure2"}],"parameters":[],"links":[],"hidden":false,"retry":false,"extra":{"severity":"normal","retries":[{"uid":"734ff48499b560ab","status":"failed","statusDetails":"Element not found {by text: check availability}\nExpected: clickable: interactable and enabled\nScreenshot: file:/Users/javiervt/Desktop/JavaSelenide/build/reports/tests/1765307054539.0.png\nPage source: file:/Users/javiervt/Desktop/JavaSelenide/build/reports/tests/1765307054539.0.html\nTimeout: 1 s.\nCaused by: NoSuchElementException: no such element: Unable to locate element: {\"method\":\"xpath\",\"selector\":\".//*/text()[normalize-space(translate(string(.), '","time":{"start":1765307050351,"stop":1765307054739,"duration":4388}},{"uid":"2e56ca2d6e764a25","status":"failed","statusDetails":"Element not found {by text: check availability}\nExpected: clickable: interactable and enabled\nScreenshot: file:/Users/javiervt/Desktop/JavaSelenide/build/reports/tests/1765306809044.0.png\nPage source: file:/Users/javiervt/Desktop/JavaSelenide/build/reports/tests/1765306809044.0.html\nTimeout: 1 s.\nCaused by: NoSuchElementException: no such element: Unable to locate element: {\"method\":\"xpath\",\"selector\":\".//*/text()[normalize-space(translate(string(.), '","time":{"start":1765306805203,"stop":1765306809279,"duration":4076}},{"uid":"7bad5c9be250993c","status":"failed","statusDetails":"Element not found {by text: check availability}\nExpected: clickable: interactable and enabled\nScreenshot: file:/Users/javiervt/Desktop/JavaSelenide/build/reports/tests/1765306628498.0.png\nPage source: file:/Users/javiervt/Desktop/JavaSelenide/build/reports/tests/1765306628498.0.html\nTimeout: 1 s.\nCaused by: NoSuchElementException: no such element: Unable to locate element: {\"method\":\"xpath\",\"selector\":\".//*/text()[normalize-space(translate(string(.), '","time":{"start":1765306623737,"stop":1765306628706,"duration":4969}},{"uid":"f1913967250e6f4e","status":"failed","statusDetails":"Element not found {#rooms}\nExpected: visible\nScreenshot: file:/Users/javiervt/Desktop/JavaSelenide/build/reports/tests/1765300853716.0.png\nPage source: file:/Users/javiervt/Desktop/JavaSelenide/build/reports/tests/1765300853716.0.html\nTimeout: 1 s.\nCaused by: NoSuchElementException: no such element: Unable to locate element: {\"method\":\"css selector\",\"selector\":\"#rooms\"}","time":{"start":1765300848996,"stop":1765300853904,"duration":4908}},{"uid":"6574557eaf06c458","status":"failed","statusDetails":"Element not found {#booking}\nExpected: visible\nScreenshot: file:/Users/javiervt/Desktop/JavaSelenide/build/reports/tests/1765300669829.0.png\nPage source: file:/Users/javiervt/Desktop/JavaSelenide/build/reports/tests/1765300669829.0.html\nTimeout: 1 s.\nCaused by: NoSuchElementException: no such element: Unable to locate element: {\"method\":\"css selector\",\"selector\":\"#booking\"}","time":{"start":1765300665800,"stop":1765300670057,"duration":4257}},{"uid":"6fa6408eb2bed3df","status":"failed","statusDetails":"Element not found {h1}\nExpected: visible\nScreenshot: file:/Users/javiervt/Desktop/JavaSelenide/build/reports/tests/1765300451219.0.png\nPage source: file:/Users/javiervt/Desktop/JavaSelenide/build/reports/tests/1765300451219.0.html\nTimeout: 1 s.\nCaused by: NoSuchElementException: no such element: Unable to locate element: {\"method\":\"css selector\",\"selector\":\"h1\"}","time":{"start":1765300446914,"stop":1765300451458,"duration":4544}},{"uid":"89424d5b9ba6a8f9","status":"failed","statusDetails":"Element not found {h1}\nExpected: visible\nScreenshot: file:/Users/javiervt/Desktop/JavaSelenide/build/reports/tests/1765300075433.0.png\nPage source: file:/Users/javiervt/Desktop/JavaSelenide/build/reports/tests/1765300075433.0.html\nTimeout: 1 s.\nCaused by: NoSuchElementException: no such element: Unable to locate element: {\"method\":\"css selector\",\"selector\":\"h1\"}","time":{"start":1765300071586,"stop":1765300075655,"duration":4069}},{"uid":"fce5b00fbc71c51d","status":"failed","statusDetails":"Element not found {.room}\nExpected: visible\nScreenshot: file:/Users/javiervt/Desktop/JavaSelenide/build/reports/tests/1765299892391.0.png\nPage source: file:/Users/javiervt/Desktop/JavaSelenide/build/reports/tests/1765299892391.0.html\nTimeout: 10 s.\nCaused by: NoSuchElementException: no such element: Unable to locate element: {\"method\":\"css selector\",\"selector\":\".room\"}","time":{"start":1765299880011,"stop":1765299892476,"duration":12465}},{"uid":"a3c7b26237706cb1","status":"failed","statusDetails":"Element not found {.room}\nExpected: visible\nScreenshot: file:/Users/javiervt/Desktop/JavaSelenide/build/reports/tests/1765299829551.0.png\nPage source: file:/Users/javiervt/Desktop/JavaSelenide/build/reports/tests/1765299829551.0.html\nTimeout: 10 s.\nCaused by: NoSuchElementException: no such element: Unable to locate element: {\"method\":\"css selector\",\"selector\":\".room\"}","time":{"start":1765299816299,"stop":1765299829767,"duration":13468}}],"categories":[{"name":"Product defects","matchedStatuses":[],"flaky":false}],"tags":[]},"source":"2941b2f835c95016.json","parameterValues":[]}